{"/Users/tk/dev/active/adk-docs-ja/src/App.tsx": {"path":"/Users/tk/dev/active/adk-docs-ja/src/App.tsx","statementMap":{"0":{"start":{"line":12,"column":19},"end":{"line":12,"column":43}}},"fnMap":{"0":{"name":"App","decl":{"start":{"line":7,"column":9},"end":{"line":7,"column":null}},"loc":{"start":{"line":7,"column":9},"end":{"line":26,"column":null}}}},"branchMap":{},"s":{"0":1},"f":{"0":1},"b":{}}
,"/Users/tk/dev/active/adk-docs-ja/src/components/layout/MainLayout.tsx": {"path":"/Users/tk/dev/active/adk-docs-ja/src/components/layout/MainLayout.tsx","statementMap":{"0":{"start":{"line":4,"column":29},"end":{"line":27,"column":null}}},"fnMap":{"0":{"name":"(anonymous_0)","decl":{"start":{"line":4,"column":29},"end":{"line":4,"column":null}},"loc":{"start":{"line":4,"column":29},"end":{"line":27,"column":null}}}},"branchMap":{},"s":{"0":1},"f":{"0":1},"b":{}}
,"/Users/tk/dev/active/adk-docs-ja/src/lib/utils.ts": {"path":"/Users/tk/dev/active/adk-docs-ja/src/lib/utils.ts","statementMap":{"0":{"start":{"line":5,"column":2},"end":{"line":5,"column":null}}},"fnMap":{"0":{"name":"cn","decl":{"start":{"line":4,"column":16},"end":{"line":4,"column":19}},"loc":{"start":{"line":4,"column":42},"end":{"line":6,"column":null}}}},"branchMap":{},"s":{"0":0},"f":{"0":0},"b":{}}
,"/Users/tk/dev/active/adk-docs-ja/src/pages/ContentPage.tsx": {"path":"/Users/tk/dev/active/adk-docs-ja/src/pages/ContentPage.tsx","statementMap":{"0":{"start":{"line":4,"column":30},"end":{"line":14,"column":null}},"1":{"start":{"line":5,"column":19},"end":{"line":5,"column":50}}},"fnMap":{"0":{"name":"(anonymous_0)","decl":{"start":{"line":4,"column":30},"end":{"line":4,"column":null}},"loc":{"start":{"line":4,"column":30},"end":{"line":14,"column":null}}}},"branchMap":{"0":{"loc":{"start":{"line":9,"column":61},"end":{"line":9,"column":null}},"type":"binary-expr","locations":[{"start":{"line":9,"column":61},"end":{"line":9,"column":69}},{"start":{"line":9,"column":69},"end":{"line":9,"column":null}}]},"1":{"loc":{"start":{"line":10,"column":52},"end":{"line":10,"column":70}},"type":"binary-expr","locations":[{"start":{"line":10,"column":52},"end":{"line":10,"column":60}},{"start":{"line":10,"column":60},"end":{"line":10,"column":70}}]}},"s":{"0":1,"1":0},"f":{"0":0},"b":{"0":[0,0],"1":[0,0]}}
,"/Users/tk/dev/active/adk-docs-ja/src/pages/HomePage.tsx": {"path":"/Users/tk/dev/active/adk-docs-ja/src/pages/HomePage.tsx","statementMap":{"0":{"start":{"line":3,"column":27},"end":{"line":10,"column":null}}},"fnMap":{"0":{"name":"(anonymous_0)","decl":{"start":{"line":3,"column":27},"end":{"line":3,"column":null}},"loc":{"start":{"line":3,"column":27},"end":{"line":10,"column":null}}}},"branchMap":{},"s":{"0":1},"f":{"0":1},"b":{}}
}
